<?xml version="1.0" encoding="UTF-8"?>
<!-- Generated by org.testng.reporters.JUnitReportReporter -->
<testsuite skipped="0" hostname="DESKTOP-G1GANOT" name="testTitle.testHomePageTitle" tests="1" failures="0" timestamp="11 Jun 2019 23:19:33 GMT" time="5.376" errors="0">
  <testcase name="titleTest" time="5.376" classname="testTitle.testHomePageTitle"/>
</testsuite> <!-- testTitle.testHomePageTitle -->
